#
# A fatal error has been detected by the Java Runtime Environment:
#
#  EXCEPTION_ACCESS_VIOLATION (0xc0000005) at pc=0x0000000063389535, pid=74812, tid=88500
#
# JRE version: Java(TM) SE Runtime Environment (8.0_20-b26) (build 1.8.0_20-b26)
# Java VM: Java HotSpot(TM) 64-Bit Server VM (25.20-b23 mixed mode windows-amd64 compressed oops)
# Problematic frame:
# V  [jvm.dll+0x119535]
#
# Failed to write core dump. Minidumps are not enabled by default on client versions of Windows
#
# If you would like to submit a bug report, please visit:
#   http://bugreport.sun.com/bugreport/crash.jsp
#

---------------  T H R E A D  ---------------

Current thread (0x000000001b98d800):  JavaThread "JDWP Transport Listener: dt_socket" daemon [_thread_in_vm, id=88500, stack(0x000000001c240000,0x000000001c340000)]

siginfo: ExceptionCode=0xc0000005, reading address 0x0000000000000028

Registers:
RAX=0x000000001c33f501, RBX=0x000000001b98d800, RCX=0x0000000000000028, RDX=0x0000000000000000
RSP=0x000000001c33f590, RBP=0x0000000000000028, RSI=0x000000001c33f6a8, RDI=0x0000000002377c10
R8 =0x000000001b98d800, R9 =0x0000000000008000, R10=0x0000000000000000, R11=0x0000000022321e34
R12=0x0000000000000000, R13=0x000000001b997e58, R14=0x0000000000000000, R15=0x0000000000000000
RIP=0x0000000063389535, EFLAGS=0x0000000000010206

Top of Stack: (sp=0x000000001c33f590)
0x000000001c33f590:   000000001b98d800 000000001b98d800
0x000000001c33f5a0:   000000001c33f658 000000006358655b
0x000000001c33f5b0:   000000001b98d800 00000000635a2dbd
0x000000001c33f5c0:   0000000000000000 0000000063209149
0x000000001c33f5d0:   000000001cc12d40 0000000063212912
0x000000001c33f5e0:   000000001b98d800 0000000000000000
0x000000001c33f5f0:   0000000000000000 0000000000000000
0x000000001c33f600:   0000000000000028 0000000063211a09
0x000000001c33f610:   000000001c33f6a8 000000001c33f680
0x000000001c33f620:   0000000000000001 000000001cc12d40
0x000000001c33f630:   0000000000000028 00000000631f53b3
0x000000001c33f640:   000000001c33f770 0000000000000001
0x000000001c33f650:   0000000000000001 000000001cc12d40
0x000000001c33f660:   000000000000000a 0000000000000000
0x000000001c33f670:   0000000000000000 0000000000000000
0x000000001c33f680:   0000000000000001 00000000631f5571 

Instructions: (pc=0x0000000063389535)
0x0000000063389515:   cc cc cc cc cc cc cc cc cc cc cc 48 83 ec 28 48
0x0000000063389525:   85 c9 75 07 33 c0 48 83 c4 28 c3 48 89 5c 24 20
0x0000000063389535:   48 8b 19 48 85 db 74 20 48 83 fb 37 74 1a 48 8b
0x0000000063389545:   13 48 8b cb ff 52 10 84 c0 74 0d 48 8b c3 48 8b 


Register to memory mapping:

RAX=0x000000001c33f501 is pointing into the stack for thread: 0x000000001b98d800
RBX=0x000000001b98d800 is a thread
RCX=0x0000000000000028 is an unknown value
RDX=0x0000000000000000 is an unknown value
RSP=0x000000001c33f590 is pointing into the stack for thread: 0x000000001b98d800
RBP=0x0000000000000028 is an unknown value
RSI=0x000000001c33f6a8 is pointing into the stack for thread: 0x000000001b98d800
RDI=0x0000000002377c10 is an unknown value
R8 =0x000000001b98d800 is a thread
R9 =0x0000000000008000 is an unknown value
R10=0x0000000000000000 is an unknown value
R11=0x0000000022321e34 is an unknown value
R12=0x0000000000000000 is an unknown value
R13=0x000000001b997e58 is an unknown value
R14=0x0000000000000000 is an unknown value
R15=0x0000000000000000 is an unknown value


Stack: [0x000000001c240000,0x000000001c340000],  sp=0x000000001c33f590,  free space=1021k
Native frames: (J=compiled Java code, j=interpreted, Vv=VM code, C=native code)
V  [jvm.dll+0x119535]
V  [jvm.dll+0x332dbd]
C  [jdwp.dll+0x21a09]
C  [jdwp.dll+0x53b3]
C  [jdwp.dll+0x5571]
C  [jdwp.dll+0xf09c]
C  [jdwp.dll+0x1f2c9]
C  [jdwp.dll+0x1f49e]
V  [jvm.dll+0x1aaa18]
V  [jvm.dll+0x22aac4]
V  [jvm.dll+0x283f5a]
C  [msvcr100.dll+0x21d9f]
C  [msvcr100.dll+0x21e3b]
C  [KERNEL32.DLL+0x16ad]
C  [ntdll.dll+0x734a5]


---------------  P R O C E S S  ---------------

Java Threads: ( => current thread )
  0x000000001cd95000 JavaThread "Prism Font Disposer" daemon [_thread_blocked, id=79272, stack(0x0000000020ea0000,0x0000000020fa0000)]
  0x000000001cbd1000 JavaThread "Thread-3" daemon [_thread_in_native, id=74828, stack(0x000000001f1f0000,0x000000001f2f0000)]
  0x000000001cb77000 JavaThread "JavaFX-Launcher" [_thread_blocked, id=90280, stack(0x000000001f3f0000,0x000000001f4f0000)]
  0x000000001cb54800 JavaThread "JavaFX Application Thread" [_thread_blocked, id=71872, stack(0x000000001d750000,0x000000001d850000)]
  0x000000001cb51800 JavaThread "Thread-1" daemon [_thread_blocked, id=61588, stack(0x000000001d620000,0x000000001d720000)]
  0x000000001bd35800 JavaThread "QuantumRenderer-0" daemon [_thread_blocked, id=91044, stack(0x000000001d340000,0x000000001d440000)]
  0x000000001ba35800 JavaThread "Service Thread" daemon [_thread_blocked, id=89296, stack(0x000000001c940000,0x000000001ca40000)]
  0x000000001b9b7800 JavaThread "C1 CompilerThread3" daemon [_thread_blocked, id=85960, stack(0x000000001c840000,0x000000001c940000)]
  0x000000001b9b7000 JavaThread "C2 CompilerThread2" daemon [_thread_blocked, id=87824, stack(0x000000001c740000,0x000000001c840000)]
  0x000000001b9b6000 JavaThread "C2 CompilerThread1" daemon [_thread_blocked, id=83244, stack(0x000000001c640000,0x000000001c740000)]
  0x000000001b9af800 JavaThread "C2 CompilerThread0" daemon [_thread_blocked, id=88568, stack(0x000000001c540000,0x000000001c640000)]
  0x000000001b99d000 JavaThread "JDWP Command Reader" daemon [_thread_in_native, id=87532, stack(0x000000001c440000,0x000000001c540000)]
  0x000000001b99c000 JavaThread "JDWP Event Helper Thread" daemon [_thread_blocked, id=89660, stack(0x000000001c340000,0x000000001c440000)]
=>0x000000001b98d800 JavaThread "JDWP Transport Listener: dt_socket" daemon [_thread_in_vm, id=88500, stack(0x000000001c240000,0x000000001c340000)]
  0x000000001b985800 JavaThread "Attach Listener" daemon [_thread_blocked, id=89288, stack(0x000000001be60000,0x000000001bf60000)]
  0x000000001b984800 JavaThread "Signal Dispatcher" daemon [_thread_blocked, id=80604, stack(0x000000001bd60000,0x000000001be60000)]
  0x0000000002478000 JavaThread "Finalizer" daemon [_thread_blocked, id=91068, stack(0x000000001b860000,0x000000001b960000)]
  0x0000000002471000 JavaThread "Reference Handler" daemon [_thread_blocked, id=89056, stack(0x000000001b760000,0x000000001b860000)]
  0x000000000237e000 JavaThread "main" [_thread_blocked, id=86976, stack(0x0000000002250000,0x0000000002350000)]

Other Threads:
  0x0000000019978800 VMThread [stack: 0x000000001b660000,0x000000001b760000] [id=88228]
  0x000000001ba39800 WatcherThread [stack: 0x000000001ca40000,0x000000001cb40000] [id=90696]

VM state:not at safepoint (normal execution)

VM Mutex/Monitor currently owned by a thread: None

Heap:
 PSYoungGen      total 57344K, used 45836K [0x0000000780780000, 0x0000000784780000, 0x00000007c0000000)
  eden space 49152K, 93% used [0x0000000780780000,0x0000000783443088,0x0000000783780000)
  from space 8192K, 0% used [0x0000000783f80000,0x0000000783f80000,0x0000000784780000)
  to   space 8192K, 0% used [0x0000000783780000,0x0000000783780000,0x0000000783f80000)
 ParOldGen       total 131072K, used 0K [0x0000000701600000, 0x0000000709600000, 0x0000000780780000)
  object space 131072K, 0% used [0x0000000701600000,0x0000000701600000,0x0000000709600000)
 Metaspace       used 15881K, capacity 16706K, committed 16896K, reserved 1062912K
  class space    used 2337K, capacity 2514K, committed 2560K, reserved 1048576K

Card table byte_map: [0x0000000011840000,0x0000000011e40000] byte_map_base: 0x000000000e035000

Marking Bits: (ParMarkBitMap*) 0x0000000063a4b460
 Begin Bits: [0x0000000012a40000, 0x00000000159e8000)
 End Bits:   [0x00000000159e8000, 0x0000000018990000)

Polling page: 0x0000000000870000

CodeCache: size=245760Kb used=7612Kb max_used=7612Kb free=238148Kb
 bounds [0x0000000002480000, 0x0000000002c00000, 0x0000000011480000]
 total_blobs=2986 nmethods=2366 adapters=540
 compilation: enabled

Compilation events (10 events):
Event: 6.421 Thread 0x000000001b9b7800 2361       3       java.util.concurrent.locks.AbstractQueuedSynchronizer$ConditionObject::addConditionWaiter (64 bytes)
Event: 6.422 Thread 0x000000001b9b7800 nmethod 2361 0x0000000002bdf890 code [0x0000000002bdfa20, 0x0000000002bdfe68]
Event: 6.436 Thread 0x000000001b9b7800 2362       3       java.lang.Object::wait (6 bytes)
Event: 6.436 Thread 0x000000001b9b7800 nmethod 2362 0x0000000002be3710 code [0x0000000002be3880, 0x0000000002be3aa8]
Event: 6.452 Thread 0x000000001b9b7800 2364   !   3       java.util.concurrent.LinkedBlockingDeque::takeFirst (47 bytes)
Event: 6.453 Thread 0x000000001b9b7800 nmethod 2364 0x0000000002bf1ed0 code [0x0000000002bf20a0, 0x0000000002bf2888]
Event: 6.468 Thread 0x000000001b9b7800 2365       3       com.sun.glass.ui.win.WinApplication::_invokeLater (24 bytes)
Event: 6.468 Thread 0x000000001b9b7800 nmethod 2365 0x0000000002be2b50 code [0x0000000002be2ce0, 0x0000000002be3178]
Event: 6.468 Thread 0x000000001b9b7800 2366       3       com.sun.glass.ui.InvokeLaterDispatcher::invokeLater (11 bytes)
Event: 6.469 Thread 0x000000001b9b7800 nmethod 2366 0x0000000002bf2c90 code [0x0000000002bf2e00, 0x0000000002bf3048]

GC Heap History (0 events):
No events

Deoptimization events (10 events):
Event: 3.365 Thread 0x000000001cb54800 Uncommon trap: reason=class_check action=maybe_recompile pc=0x00000000029cdc48 method=javafx.scene.Node.impl_geomChanged()V @ 33
Event: 3.365 Thread 0x000000001cb54800 Uncommon trap: reason=class_check action=maybe_recompile pc=0x00000000029d16a0 method=javafx.scene.Node.impl_geomChanged()V @ 37
Event: 3.365 Thread 0x000000001cb54800 Uncommon trap: reason=class_check action=maybe_recompile pc=0x00000000029d16a0 method=javafx.scene.Node.impl_geomChanged()V @ 37
Event: 3.365 Thread 0x000000001cb54800 Uncommon trap: reason=class_check action=maybe_recompile pc=0x00000000029d16a0 method=javafx.scene.Node.impl_geomChanged()V @ 37
Event: 3.365 Thread 0x000000001cb54800 Uncommon trap: reason=class_check action=maybe_recompile pc=0x00000000029cdc48 method=javafx.scene.Node.impl_geomChanged()V @ 33
Event: 4.146 Thread 0x000000001cb54800 Uncommon trap: reason=array_check action=maybe_recompile pc=0x0000000002a2a0e8 method=com.sun.javafx.css.SimpleSelector.applies(Ljavafx/css/Styleable;[Ljava/util/Set;I)Z @ 37
Event: 5.065 Thread 0x000000001cb54800 Uncommon trap: reason=array_check action=maybe_recompile pc=0x0000000002b19998 method=com.sun.javafx.css.CompoundSelector.applies(Ljavafx/css/Styleable;[Ljava/util/Set;I)Z @ 128
Event: 5.065 Thread 0x000000001cb54800 Uncommon trap: reason=array_check action=maybe_recompile pc=0x0000000002b19998 method=com.sun.javafx.css.CompoundSelector.applies(Ljavafx/css/Styleable;[Ljava/util/Set;I)Z @ 128
Event: 5.065 Thread 0x000000001cb54800 Uncommon trap: reason=array_check action=maybe_recompile pc=0x0000000002b19998 method=com.sun.javafx.css.CompoundSelector.applies(Ljavafx/css/Styleable;[Ljava/util/Set;I)Z @ 128
Event: 5.065 Thread 0x000000001cb54800 Uncommon trap: reason=array_check action=maybe_recompile pc=0x0000000002b19998 method=com.sun.javafx.css.CompoundSelector.applies(Ljavafx/css/Styleable;[Ljava/util/Set;I)Z @ 128

Internal exceptions (10 events):
Event: 0.651 Thread 0x000000001cb54800 Exception <a 'java/security/PrivilegedActionException'> (0x0000000781b44c90) thrown at [D:\re\workspace\8-2-build-windows-amd64-cygwin\jdk8u20\1074\hotspot\src\share\vm\prims\jvm.cpp, line 1275]
Event: 0.654 Thread 0x000000001cb54800 Exception <a 'java/security/PrivilegedActionException'> (0x0000000781b5ad40) thrown at [D:\re\workspace\8-2-build-windows-amd64-cygwin\jdk8u20\1074\hotspot\src\share\vm\prims\jvm.cpp, line 1275]
Event: 0.657 Thread 0x000000001cb54800 Exception <a 'java/security/PrivilegedActionException'> (0x0000000781b79d78) thrown at [D:\re\workspace\8-2-build-windows-amd64-cygwin\jdk8u20\1074\hotspot\src\share\vm\prims\jvm.cpp, line 1275]
Event: 3.107 Thread 0x000000001cb54800 Exception <a 'java/security/PrivilegedActionException'> (0x00000007828bf1c8) thrown at [D:\re\workspace\8-2-build-windows-amd64-cygwin\jdk8u20\1074\hotspot\src\share\vm\prims\jvm.cpp, line 1275]
Event: 3.110 Thread 0x000000001cb54800 Exception <a 'java/security/PrivilegedActionException'> (0x00000007828d5d10) thrown at [D:\re\workspace\8-2-build-windows-amd64-cygwin\jdk8u20\1074\hotspot\src\share\vm\prims\jvm.cpp, line 1275]
Event: 3.113 Thread 0x000000001cb54800 Exception <a 'java/security/PrivilegedActionException'> (0x00000007828ef640) thrown at [D:\re\workspace\8-2-build-windows-amd64-cygwin\jdk8u20\1074\hotspot\src\share\vm\prims\jvm.cpp, line 1275]
Event: 5.021 Thread 0x000000001cb54800 Exception <a 'java/security/PrivilegedActionException'> (0x000000078304ffa8) thrown at [D:\re\workspace\8-2-build-windows-amd64-cygwin\jdk8u20\1074\hotspot\src\share\vm\prims\jvm.cpp, line 1275]
Event: 6.464 Thread 0x000000001cb54800 Exception <a 'java/security/PrivilegedActionException'> (0x00000007833d8558) thrown at [D:\re\workspace\8-2-build-windows-amd64-cygwin\jdk8u20\1074\hotspot\src\share\vm\prims\jvm.cpp, line 1275]
Event: 6.466 Thread 0x000000001cb54800 Exception <a 'java/security/PrivilegedActionException'> (0x00000007833dc718) thrown at [D:\re\workspace\8-2-build-windows-amd64-cygwin\jdk8u20\1074\hotspot\src\share\vm\prims\jvm.cpp, line 1275]
Event: 6.466 Thread 0x000000001cb54800 Exception <a 'java/security/PrivilegedActionException'> (0x00000007833df1d0) thrown at [D:\re\workspace\8-2-build-windows-amd64-cygwin\jdk8u20\1074\hotspot\src\share\vm\prims\jvm.cpp, line 1275]

Events (10 events):
Event: 51.078 Executing VM operation: EnterInterpOnlyMode
Event: 51.078 Executing nested VM operation: Deoptimize
Event: 51.078 Executing nested VM operation: Deoptimize done
Event: 51.078 Executing VM operation: EnterInterpOnlyMode done
Event: 51.078 Executing VM operation: ChangeSingleStep
Event: 51.078 Executing VM operation: ChangeSingleStep done
Event: 51.078 Executing VM operation: ChangeSingleStep
Event: 51.078 Executing VM operation: ChangeSingleStep done
Event: 51.095 Executing VM operation: RedefineClasses
Event: 51.113 Executing VM operation: RedefineClasses done


Dynamic libraries:
0x00007ff7ef5e0000 - 0x00007ff7ef614000 	C:\Program Files\Java\jdk1.8.0_20\bin\javaw.exe
0x00007ff8d2c30000 - 0x00007ff8d2dda000 	C:\WINDOWS\SYSTEM32\ntdll.dll
0x00007ff8d04b0000 - 0x00007ff8d05ea000 	C:\WINDOWS\system32\KERNEL32.DLL
0x00007ff8d0110000 - 0x00007ff8d021f000 	C:\WINDOWS\system32\KERNELBASE.dll
0x00007ff8ceba0000 - 0x00007ff8cec28000 	C:\WINDOWS\system32\apphelp.dll
0x00007ff8c64d0000 - 0x00007ff8c651f000 	C:\WINDOWS\AppPatch\AppPatch64\AcGenral.DLL
0x00007ff8d2b80000 - 0x00007ff8d2c27000 	C:\WINDOWS\system32\msvcrt.dll
0x00007ff8cfd50000 - 0x00007ff8cfd7b000 	C:\WINDOWS\SYSTEM32\SspiCli.dll
0x00007ff8d29e0000 - 0x00007ff8d2a31000 	C:\WINDOWS\system32\SHLWAPI.dll
0x00007ff8d2230000 - 0x00007ff8d23a1000 	C:\WINDOWS\system32\USER32.dll
0x00007ff8d27a0000 - 0x00007ff8d2918000 	C:\WINDOWS\system32\ole32.dll
0x00007ff8d0db0000 - 0x00007ff8d21d0000 	C:\WINDOWS\system32\SHELL32.dll
0x00007ff8cf680000 - 0x00007ff8cf69e000 	C:\WINDOWS\SYSTEM32\USERENV.dll
0x00007ff8d2920000 - 0x00007ff8d29c5000 	C:\WINDOWS\system32\ADVAPI32.dll
0x00007ff8c9530000 - 0x00007ff8c954b000 	C:\WINDOWS\SYSTEM32\MPR.dll
0x00007ff8d2a40000 - 0x00007ff8d2b77000 	C:\WINDOWS\system32\RPCRT4.dll
0x00007ff8d21d0000 - 0x00007ff8d2227000 	C:\WINDOWS\SYSTEM32\sechost.dll
0x00007ff8d0930000 - 0x00007ff8d0b06000 	C:\WINDOWS\SYSTEM32\combase.dll
0x00007ff8d05f0000 - 0x00007ff8d0734000 	C:\WINDOWS\system32\GDI32.dll
0x00007ff8cffa0000 - 0x00007ff8cffb4000 	C:\WINDOWS\SYSTEM32\profapi.dll
0x00007ff8ce630000 - 0x00007ff8ce6cf000 	C:\WINDOWS\SYSTEM32\SHCORE.dll
0x00007ff8d0740000 - 0x00007ff8d0774000 	C:\WINDOWS\system32\IMM32.DLL
0x00007ff8d0780000 - 0x00007ff8d08b9000 	C:\WINDOWS\system32\MSCTF.dll
0x00007ff8cff60000 - 0x00007ff8cff8f000 	C:\Windows\system32\nvinitx.dll
0x00007ff8ce180000 - 0x00007ff8ce3da000 	C:\WINDOWS\WinSxS\amd64_microsoft.windows.common-controls_6595b64144ccf1df_6.0.9600.17031_none_6242a4b3ecbb55a1\COMCTL32.dll
0x0000000063ad0000 - 0x0000000063ba2000 	C:\Program Files\Java\jdk1.8.0_20\jre\bin\msvcr100.dll
0x0000000063270000 - 0x0000000063ac8000 	C:\Program Files\Java\jdk1.8.0_20\jre\bin\server\jvm.dll
0x00007ff8cb180000 - 0x00007ff8cb189000 	C:\WINDOWS\SYSTEM32\WSOCK32.dll
0x00007ff8cdb50000 - 0x00007ff8cdb6f000 	C:\WINDOWS\SYSTEM32\WINMM.dll
0x00007ff8d29d0000 - 0x00007ff8d29d7000 	C:\WINDOWS\system32\PSAPI.DLL
0x00007ff8d2740000 - 0x00007ff8d2798000 	C:\WINDOWS\system32\WS2_32.dll
0x00007ff8cd940000 - 0x00007ff8cd96a000 	C:\WINDOWS\SYSTEM32\WINMMBASE.dll
0x00007ff8d23b0000 - 0x00007ff8d23b9000 	C:\WINDOWS\system32\NSI.dll
0x00007ff8d0070000 - 0x00007ff8d00ba000 	C:\WINDOWS\SYSTEM32\cfgmgr32.dll
0x00007ff8cedf0000 - 0x00007ff8cee16000 	C:\WINDOWS\SYSTEM32\DEVOBJ.dll
0x0000000063260000 - 0x000000006326f000 	C:\Program Files\Java\jdk1.8.0_20\jre\bin\verify.dll
0x0000000063230000 - 0x0000000063258000 	C:\Program Files\Java\jdk1.8.0_20\jre\bin\java.dll
0x00000000631f0000 - 0x0000000063225000 	C:\Program Files\Java\jdk1.8.0_20\jre\bin\jdwp.dll
0x00000000631e0000 - 0x00000000631e8000 	C:\Program Files\Java\jdk1.8.0_20\jre\bin\npt.dll
0x00000000631c0000 - 0x00000000631d6000 	C:\Program Files\Java\jdk1.8.0_20\jre\bin\zip.dll
0x00000000631b0000 - 0x00000000631b9000 	C:\Program Files\Java\jdk1.8.0_20\jre\bin\dt_socket.dll
0x00007ff8c74f0000 - 0x00007ff8c7504000 	C:\WINDOWS\system32\napinsp.dll
0x00007ff8c7510000 - 0x00007ff8c7529000 	C:\WINDOWS\system32\pnrpnsp.dll
0x00007ff8cce40000 - 0x00007ff8cce59000 	C:\WINDOWS\system32\NLAapi.dll
0x00007ff8cf7c0000 - 0x00007ff8cf818000 	C:\WINDOWS\System32\mswsock.dll
0x00007ff8cf6a0000 - 0x00007ff8cf743000 	C:\WINDOWS\SYSTEM32\DNSAPI.dll
0x00007ff8c7530000 - 0x00007ff8c753c000 	C:\WINDOWS\System32\winrnr.dll
0x00007ff8c75b0000 - 0x00007ff8c75c3000 	C:\WINDOWS\system32\wshbth.dll
0x0000000065530000 - 0x0000000065556000 	C:\Program Files\Bonjour\mdnsNSP.dll
0x00007ff8ca280000 - 0x00007ff8ca2a9000 	C:\WINDOWS\SYSTEM32\Iphlpapi.DLL
0x00007ff8ca7f0000 - 0x00007ff8ca7fa000 	C:\WINDOWS\SYSTEM32\WINNSI.DLL
0x00007ff8c99b0000 - 0x00007ff8c9a18000 	C:\WINDOWS\System32\fwpuclnt.dll
0x00007ff8c79d0000 - 0x00007ff8c79d9000 	C:\Windows\System32\rasadhlp.dll
0x0000000063180000 - 0x00000000631ac000 	C:\Program Files\Java\jdk1.8.0_20\jre\bin\prism_d3d.dll
0x00007ff8c7fc0000 - 0x00007ff8c81c8000 	C:\WINDOWS\system32\d3d9.dll
0x00007ff8cdb70000 - 0x00007ff8cdb7a000 	C:\WINDOWS\SYSTEM32\VERSION.dll
0x00007ff8ce400000 - 0x00007ff8ce420000 	C:\WINDOWS\SYSTEM32\dwmapi.dll
0x00007ff8cecc0000 - 0x00007ff8cede1000 	C:\WINDOWS\system32\uxtheme.dll
0x00007ff8cc9a0000 - 0x00007ff8cca96000 	C:\WINDOWS\SYSTEM32\nvumdshimx.dll
0x00007ff8d0b10000 - 0x00007ff8d0ce4000 	C:\WINDOWS\system32\SETUPAPI.dll
0x00007ff8b2360000 - 0x00007ff8b2f80000 	C:\WINDOWS\system32\igdumd64.dll
0x0000000063130000 - 0x0000000063172000 	C:\Program Files\Java\jdk1.8.0_20\jre\bin\glass.dll
0x00007ff8d2420000 - 0x00007ff8d24ba000 	C:\WINDOWS\system32\COMDLG32.dll
0x00007ff8d0cf0000 - 0x00007ff8d0da7000 	C:\WINDOWS\system32\OLEAUT32.dll
0x00007ff8c3b70000 - 0x00007ff8c3c08000 	C:\Program Files\Common Files\microsoft shared\ink\tiptsf.dll
0x00007ff8cee20000 - 0x00007ff8cee2a000 	C:\WINDOWS\SYSTEM32\kernel.appcore.dll
0x00007ff8cfde0000 - 0x00007ff8cfdea000 	C:\WINDOWS\SYSTEM32\CRYPTBASE.dll
0x00007ff8cfd80000 - 0x00007ff8cfde0000 	C:\WINDOWS\SYSTEM32\bcryptPrimitives.dll
0x0000000063110000 - 0x0000000063125000 	C:\Program Files\Java\jdk1.8.0_20\jre\bin\javafx_font.dll
0x00007ff8ccb00000 - 0x00007ff8ccce7000 	C:\WINDOWS\SYSTEM32\dwrite.dll
0x00007ff8d2660000 - 0x00007ff8d2704000 	C:\WINDOWS\SYSTEM32\clbcatq.dll
0x00007ff8cd730000 - 0x00007ff8cd8c3000 	C:\WINDOWS\SYSTEM32\WindowsCodecs.dll
0x00007ff8cfa00000 - 0x00007ff8cfa1e000 	C:\WINDOWS\SYSTEM32\CRYPTSP.dll
0x00007ff8cf4d0000 - 0x00007ff8cf505000 	C:\WINDOWS\system32\rsaenh.dll
0x00007ff8cfa60000 - 0x00007ff8cfa86000 	C:\WINDOWS\SYSTEM32\bcrypt.dll
0x00007ff8c6220000 - 0x00007ff8c6249000 	C:\Program Files\Common Files\Microsoft Shared\Ink\rtscom.dll
0x00007ff8cccf0000 - 0x00007ff8ccd53000 	C:\WINDOWS\SYSTEM32\oleacc.dll
0x00000000630f0000 - 0x0000000063101000 	C:\Program Files\Java\jdk1.8.0_20\jre\bin\prism_common.dll
0x00007ff8cc720000 - 0x00007ff8cc8a8000 	C:\WINDOWS\SYSTEM32\dbghelp.dll

VM Arguments:
jvm_args: -agentlib:jdwp=transport=dt_socket,suspend=y,address=localhost:31873 -Dfile.encoding=Cp1252 
java_command: mainRunner.GameManager
java_class_path (initial): C:\Users\Mitchell\workspace\Mechanical\bin
Launcher Type: SUN_STANDARD

Environment Variables:
PATH=C:\Program Files\Java\jdk1.8.0_20\jre\bin;C:\ProgramData\Oracle\Java\javapath;C:\Program Files (x86)\NVIDIA Corporation\PhysX\Common;C:\Program Files (x86)\Windows Resource Kits\Tools\;C:\WINDOWS\system32;C:\WINDOWS;C:\WINDOWS\System32\Wbem;C:\WINDOWS\System32\WindowsPowerShell\v1.0\;C:\Program Files\OpenVPN\bin;C:\Users\Mitchell\Downloads\Wget;C:\Program Files\7-Zip;C:\Program Files\SlikSvn\bin;C:\Program Files (x86)\QuickTime\QTSystem\;C:\Program Files (x86)\Windows Kits\8.1\Windows Performance Toolkit\;C:\Program Files\Microsoft SQL Server\110\Tools\Binn\;C:\Program Files (x86)\Microsoft SDKs\TypeScript\1.0\
USERNAME=Mitchell
OS=Windows_NT
PROCESSOR_IDENTIFIER=Intel64 Family 6 Model 42 Stepping 7, GenuineIntel



---------------  S Y S T E M  ---------------

OS: Windows 8.1 , 64 bit Build 9600 

CPU:total 8 (4 cores per cpu, 2 threads per core) family 6 model 42 stepping 7, cmov, cx8, fxsr, mmx, sse, sse2, sse3, ssse3, sse4.1, sse4.2, popcnt, avx, aes, clmul, ht, tsc, tscinvbit

Memory: 4k page, physical 12491792k(3563860k free), swap 14588944k(4687436k free)

vm_info: Java HotSpot(TM) 64-Bit Server VM (25.20-b23) for windows-amd64 JRE (1.8.0_20-b26), built on Jul 30 2014 13:51:23 by "java_re" with MS VC++ 10.0 (VS2010)

time: Wed Sep 10 10:50:24 2014
elapsed time: 51 seconds (0d 0h 0m 51s)

